<?xml version="1.0" encoding="UTF-8"?>
<testsuite xmlns:xsi="http://www.w3.org/2001/XMLSchema-instance" xsi:schemaLocation="https://maven.apache.org/surefire/maven-surefire-plugin/xsd/surefire-test-report.xsd" name="cucumberTest.TestRunner" time="99.051" tests="21" errors="0" skipped="0" failures="6">
  <properties>
    <property name="java.runtime.name" value="Java(TM) SE Runtime Environment"/>
    <property name="sun.boot.library.path" value="C:\Program Files\Java\jdk1.8.0\jre\bin"/>
    <property name="java.vm.version" value="25.0-b70"/>
    <property name="user.country.format" value="RU"/>
    <property name="java.vm.vendor" value="Oracle Corporation"/>
    <property name="maven.multiModuleProjectDirectory" value="D:\Kira\workspace\amazon_test_selenium"/>
    <property name="java.vendor.url" value="http://java.oracle.com/"/>
    <property name="path.separator" value=";"/>
    <property name="guice.disable.misplaced.annotation.check" value="true"/>
    <property name="java.vm.name" value="Java HotSpot(TM) 64-Bit Server VM"/>
    <property name="file.encoding.pkg" value="sun.io"/>
    <property name="user.script" value=""/>
    <property name="user.country" value="US"/>
    <property name="sun.java.launcher" value="SUN_STANDARD"/>
    <property name="sun.os.patch.level" value=""/>
    <property name="java.vm.specification.name" value="Java Virtual Machine Specification"/>
    <property name="user.dir" value="D:\Kira\workspace\amazon_test_selenium"/>
    <property name="java.runtime.version" value="1.8.0-b132"/>
    <property name="java.awt.graphicsenv" value="sun.awt.Win32GraphicsEnvironment"/>
    <property name="java.endorsed.dirs" value="C:\Program Files\Java\jdk1.8.0\jre\lib\endorsed"/>
    <property name="os.arch" value="amd64"/>
    <property name="java.io.tmpdir" value="C:\Users\user\AppData\Local\Temp\"/>
    <property name="line.separator" value="&#10;"/>
    <property name="java.vm.specification.vendor" value="Oracle Corporation"/>
    <property name="user.variant" value=""/>
    <property name="os.name" value="Windows 8.1"/>
    <property name="classworlds.conf" value="C:\Program Files\Java\apache-maven-3.3.9\bin\m2.conf"/>
    <property name="sun.jnu.encoding" value="Cp1251"/>
    <property name="java.library.path" value="C:\Program Files\Java\jdk1.8.0\bin;C:\WINDOWS\Sun\Java\bin;C:\WINDOWS\system32;C:\WINDOWS;C:\Python34;C:\Perl64\site\bin;C:\Perl64\bin;C:\Program Files (x86)\NVIDIA Corporation\PhysX\Common;C:\Program Files (x86)\Intel\iCLS Client\;C:\Program Files\Intel\iCLS Client\;C:\WINDOWS\system32;C:\WINDOWS;C:\WINDOWS\System32\Wbem;C:\WINDOWS\System32\WindowsPowerShell\v1.0\;C:\Program Files\Intel\Intel(R) Management Engine Components\DAL;C:\Program Files\Intel\Intel(R) Management Engine Components\IPT;C:\Program Files (x86)\Intel\Intel(R) Management Engine Components\DAL;C:\Program Files (x86)\Intel\Intel(R) Management Engine Components\IPT;C:\Program Files (x86)\Intel\OpenCL SDK\2.0\bin\x86;C:\Program Files (x86)\Intel\OpenCL SDK\2.0\bin\x64;C:\Users\user\Android\sdk\platform-tools;C:\Program Files\Java\apache-maven-3.3.9\bin;C:\Borland\BCC55\Bin;C:\Borland\BCC55;C:\Program Files (x86)\Skype\Phone\;C:\Program Files (x86)\CMake\bin;."/>
    <property name="java.specification.name" value="Java Platform API Specification"/>
    <property name="java.class.version" value="52.0"/>
    <property name="sun.management.compiler" value="HotSpot 64-Bit Tiered Compilers"/>
    <property name="os.version" value="6.3"/>
    <property name="user.home" value="C:\Users\user"/>
    <property name="user.timezone" value="Europe/Helsinki"/>
    <property name="java.awt.printerjob" value="sun.awt.windows.WPrinterJob"/>
    <property name="java.specification.version" value="1.8"/>
    <property name="file.encoding" value="Cp1251"/>
    <property name="user.name" value="user"/>
    <property name="java.class.path" value="C:\Program Files\Java\apache-maven-3.3.9\boot\plexus-classworlds-2.5.2.jar"/>
    <property name="java.vm.specification.version" value="1.8"/>
    <property name="sun.arch.data.model" value="64"/>
    <property name="java.home" value="C:\Program Files\Java\jdk1.8.0\jre"/>
    <property name="sun.java.command" value="org.codehaus.plexus.classworlds.launcher.Launcher test"/>
    <property name="java.specification.vendor" value="Oracle Corporation"/>
    <property name="user.language" value="en"/>
    <property name="user.language.format" value="ru"/>
    <property name="awt.toolkit" value="sun.awt.windows.WToolkit"/>
    <property name="java.vm.info" value="mixed mode"/>
    <property name="java.version" value="1.8.0"/>
    <property name="java.ext.dirs" value="C:\Program Files\Java\jdk1.8.0\jre\lib\ext;C:\WINDOWS\Sun\Java\lib\ext"/>
    <property name="sun.boot.class.path" value="C:\Program Files\Java\jdk1.8.0\jre\lib\resources.jar;C:\Program Files\Java\jdk1.8.0\jre\lib\rt.jar;C:\Program Files\Java\jdk1.8.0\jre\lib\sunrsasign.jar;C:\Program Files\Java\jdk1.8.0\jre\lib\jsse.jar;C:\Program Files\Java\jdk1.8.0\jre\lib\jce.jar;C:\Program Files\Java\jdk1.8.0\jre\lib\charsets.jar;C:\Program Files\Java\jdk1.8.0\jre\lib\jfr.jar;C:\Program Files\Java\jdk1.8.0\jre\classes"/>
    <property name="sun.stderr.encoding" value="cp866"/>
    <property name="java.vendor" value="Oracle Corporation"/>
    <property name="maven.home" value="C:\Program Files\Java\apache-maven-3.3.9"/>
    <property name="file.separator" value="\"/>
    <property name="java.vendor.url.bug" value="http://bugreport.sun.com/bugreport/"/>
    <property name="sun.cpu.endian" value="little"/>
    <property name="sun.io.unicode.encoding" value="UnicodeLittle"/>
    <property name="sun.stdout.encoding" value="cp866"/>
    <property name="sun.desktop" value="windows"/>
    <property name="sun.cpu.isalist" value="amd64"/>
  </properties>
  <testcase name="Given User opens a browser &quot;Firefox&quot;(Scenario: test1_Nikon" classname="Given User opens a browser &quot;Firefox&quot;(Scenario: test1_Nikon(Firefox))" time="0.002"/>
  <testcase name="And User opens the webpage &quot;http://www.amazon.com/&quot;(Scenario: test1_Nikon" classname="And User opens the webpage &quot;http://www.amazon.com/&quot;(Scenario: test1_Nikon(Firefox))" time="0.001"/>
  <testcase name="When User inputs string to search &quot;Nikon&quot;(Scenario: test1_Nikon" classname="When User inputs string to search &quot;Nikon&quot;(Scenario: test1_Nikon(Firefox))" time="0"/>
  <testcase name="And User sorts results by price from High to Low(Scenario: test1_Nikon" classname="And User sorts results by price from High to Low(Scenario: test1_Nikon(Firefox))" time="0"/>
  <testcase name="And User selects item 2(Scenario: test1_Nikon" classname="And User selects item 2(Scenario: test1_Nikon(Firefox))" time="0"/>
  <testcase name="Then Check that product topic contains text &quot;Nikon D3X&quot;(Scenario: test1_Nikon" classname="Then Check that product topic contains text &quot;Nikon D3X&quot;(Scenario: test1_Nikon(Firefox))" time="0.005">
    <failure type="java.lang.AssertionError">java.lang.AssertionError
</failure>
  </testcase>
  <testcase name="Scenario: test1_Nikon" classname="Firefox" time="0.005">
    <failure type="java.lang.AssertionError">java.lang.AssertionError
</failure>
  </testcase>
  <testcase name="Given User opens a browser &quot;Chrome&quot;(Scenario: test2_Nikon" classname="Given User opens a browser &quot;Chrome&quot;(Scenario: test2_Nikon(Chrome))" time="0"/>
  <testcase name="And User opens the webpage &quot;http://www.amazon.com/&quot;(Scenario: test2_Nikon" classname="And User opens the webpage &quot;http://www.amazon.com/&quot;(Scenario: test2_Nikon(Chrome))" time="0"/>
  <testcase name="When User inputs string to search &quot;Nikon&quot;(Scenario: test2_Nikon" classname="When User inputs string to search &quot;Nikon&quot;(Scenario: test2_Nikon(Chrome))" time="0"/>
  <testcase name="And User sorts results by price from High to Low(Scenario: test2_Nikon" classname="And User sorts results by price from High to Low(Scenario: test2_Nikon(Chrome))" time="0"/>
  <testcase name="And User selects item 2(Scenario: test2_Nikon" classname="And User selects item 2(Scenario: test2_Nikon(Chrome))" time="0"/>
  <testcase name="Then Check that product topic contains text &quot;Nikon D3X&quot;(Scenario: test2_Nikon" classname="Then Check that product topic contains text &quot;Nikon D3X&quot;(Scenario: test2_Nikon(Chrome))" time="0.001">
    <failure type="java.lang.AssertionError">java.lang.AssertionError
</failure>
  </testcase>
  <testcase name="Scenario: test2_Nikon" classname="Chrome" time="0.001">
    <failure type="java.lang.AssertionError">java.lang.AssertionError
</failure>
  </testcase>
  <testcase name="Given User opens a browser &quot;IE&quot;(Scenario: test3_Nikon" classname="Given User opens a browser &quot;IE&quot;(Scenario: test3_Nikon(InternetExplorer))" time="0"/>
  <testcase name="And User opens the webpage &quot;http://www.amazon.com/&quot;(Scenario: test3_Nikon" classname="And User opens the webpage &quot;http://www.amazon.com/&quot;(Scenario: test3_Nikon(InternetExplorer))" time="0"/>
  <testcase name="When User inputs string to search &quot;Nikon&quot;(Scenario: test3_Nikon" classname="When User inputs string to search &quot;Nikon&quot;(Scenario: test3_Nikon(InternetExplorer))" time="0"/>
  <testcase name="And User sorts results by price from High to Low(Scenario: test3_Nikon" classname="And User sorts results by price from High to Low(Scenario: test3_Nikon(InternetExplorer))" time="0"/>
  <testcase name="And User selects item 2(Scenario: test3_Nikon" classname="And User selects item 2(Scenario: test3_Nikon(InternetExplorer))" time="0"/>
  <testcase name="Then Check that product topic contains text &quot;Nikon D3X&quot;(Scenario: test3_Nikon" classname="Then Check that product topic contains text &quot;Nikon D3X&quot;(Scenario: test3_Nikon(InternetExplorer))" time="0.001">
    <failure type="java.lang.AssertionError">java.lang.AssertionError
</failure>
  </testcase>
  <testcase name="Scenario: test3_Nikon" classname="InternetExplorer" time="0.001">
    <failure type="java.lang.AssertionError">java.lang.AssertionError
</failure>
  </testcase>
</testsuite>